 ***********************************************
 **************  Superchic v2.0 ****************
 ***********************************************
 *   v2.0               DATE                   *
 *                                             *
 * Author: Lucian Harland-Lang                 *
 * (l.harland-lang@ucl.ac.uk)                  *
 *                                             *
 * For details see                             *
 *                                             *
 * arXiv XXXX.XXXX                             *
 * arXiv 1405.0018 (review)                    *
 * arXiv 1005.0695 (quarkonia and diphoton)    *
 * arXiv 1011.0680 (quarkonia)                 *
 * arXiv 1105.1626 (meson pairs)               *
 * arXiv 1302.2004 (meson pairs - eta/eta')    *
 * arXiv 1306.6661 (Skewed PDF)                *
 * arXiv 1306.2149 (Skewed PDF)                *
 *                                             *
 * HEPFORGE                                    *
 *                                             *
 ***********************************************
 
 ************************************************************************
 * gamma gamma --> tau+tau- (electron) production
 ************************************************************************
 
 ********************  Input parameters *********************************
 *                 90.0000         :  CMS collision energy (TeV)
 *                       4         :  Model of soft survival
 *             in_tt_90Gev         :  input file
 *          MSTW2008lo68cl         :  PDF set
 *                       0         :  PDF member
 *                      52         :  Process number
 *        out_tt_90Gev.dat         :  Output file
 *                       F         :  Include soft survival effects
 ************************************************************************
 
 ********************* Integration parameters  **************************
 *                    1000         :  Preconditioning calls
 *                      10         :  Preconditioning iterations
 *                  0.5000         :  Percentage accuracy
 *                   10000         :  Calls in first main iteration
 *                   10000         :  Increase calls per iteration
 *                    1000         :  Maximum number of iterations
 *                       1         :  Random number seed
 ************************************************************************
 *                       8         : Survival factor integration par.
 ************************************************************************
 
 ********************* Unweighted Events  *******************************
 *                       F         :  Generate unweighted events
 ************************************************************************
 
 ********************* General Cuts *************************************
 *                -15.0000         :  Minimum object rapidity
 *                 15.0000         :  Maximum object rapidity
 *                  2.0000         :  Minimum object mass
 *                800.0000         :  Maximum object mass
 *                       T         :  Include further cuts
 *                       T         :  Include spin correlations
 ************************************************************************
 
 ***************** 2-body decay cuts ************************************
 *                  0.0200         :  pT(a) min
 *                  0.0200         :  pT(b) min
 *                -10.0000         :  eta(a) min
 *                 10.0000         :  eta(a) max
 *                 -5.0000         :  eta(b) min
 *                  5.0000         :  eta(b) max
 ************************************************************************
 
 
 ************************************************************************
                 Vegas: Initialisation Run                
 ************************************************************************


 ************** Integration by Vegas (iteration   1) *************
 ********************      972   calls   *************************
 *                                                               *
 *             integral =  327.107     +/-   17.4466             *
 *      accum. integral =  327.107     +/-   17.4466             *
 *                                                               *
 ******************* chi**2/iteration = 0.000    *****************


 ************** Integration by Vegas (iteration   2) *************
 ********************      972   calls   *************************
 *                                                               *
 *             integral =  298.971     +/-   9.33353             *
 *      accum. integral =  306.151     +/-   8.44266             *
 *                                                               *
 ******************* chi**2/iteration = 2.109    *****************


 ************** Integration by Vegas (iteration   3) *************
 ********************      972   calls   *************************
 *                                                               *
 *             integral =  310.165     +/-   8.69728             *
 *      accum. integral =  308.078     +/-   6.06728             *
 *                                                               *
 ******************* chi**2/iteration = 1.117    *****************


 ************** Integration by Vegas (iteration   4) *************
 ********************      972   calls   *************************
 *                                                               *
 *             integral =  281.939     +/-   12.5254             *
 *      accum. integral =  303.882     +/-   5.42892             *
 *                                                               *
 ******************* chi**2/iteration = 1.822    *****************


 ************** Integration by Vegas (iteration   5) *************
 ********************      972   calls   *************************
 *                                                               *
 *             integral =  292.009     +/-   9.78254             *
 *      accum. integral =  301.268     +/-   4.75408             *
 *                                                               *
 ******************* chi**2/iteration = 1.657    *****************


 ************** Integration by Vegas (iteration   6) *************
 ********************      972   calls   *************************
 *                                                               *
 *             integral =  319.091     +/-   10.3261             *
 *      accum. integral =  304.670     +/-   4.31641             *
 *                                                               *
 ******************* chi**2/iteration = 1.828    *****************


 ************** Integration by Vegas (iteration   7) *************
 ********************      972   calls   *************************
 *                                                               *
 *             integral =  307.625     +/-   9.27246             *
 *      accum. integral =  305.203     +/-   3.91213             *
 *                                                               *
 ******************* chi**2/iteration = 1.534    *****************


 ************** Integration by Vegas (iteration   8) *************
 ********************      972   calls   *************************
 *                                                               *
 *             integral =  295.720     +/-   8.78311             *
 *      accum. integral =  303.718     +/-   3.57832             *
 *                                                               *
 ******************* chi**2/iteration = 1.458    *****************


 ************** Integration by Vegas (iteration   9) *************
 ********************      972   calls   *************************
 *                                                               *
 *             integral =  289.297     +/-   7.64163             *
 *      accum. integral =  301.334     +/-   3.25157             *
 *                                                               *
 ******************* chi**2/iteration = 1.629    *****************


 ************** Integration by Vegas (iteration  10) *************
 ********************      972   calls   *************************
 *                                                               *
 *             integral =  292.686     +/-   7.95284             *
 *      accum. integral =  300.165     +/-   3.01402             *
 *                                                               *
 ******************* chi**2/iteration = 1.564    *****************
 
 ************************************************************************
                 Vegas : Main Run                
 ************************************************************************
 
 ************************************************************************
 
 Cut Efficiency =  99.87    %
 
 => multiply NCALL by    1
 
 ************************************************************************
 


 ************** Integration by Vegas (iteration   1) *************
 ********************     9375   calls   *************************
 *                                                               *
 *             integral =  305.637     +/-   6.59415             *
 *      accum. integral =  305.637     +/-   6.59415             *
 *           max weight = 0.770948                               *
 *                                                               *
 ******************* chi**2/iteration = 0.000    *****************


 ************** Integration by Vegas (iteration   2) *************
 ********************    15552   calls   *************************
 *                                                               *
 *             integral =  298.885     +/-   4.15179             *
 *      accum. integral =  300.864     +/-   3.53048             *
 *           max weight =  2.14252                               *
 *                                                               *
 ******************* chi**2/iteration =0.7569    *****************


 ************** Integration by Vegas (iteration   3) *************
 ********************    23328   calls   *************************
 *                                                               *
 *             integral =  298.755     +/-   4.13700             *
 *      accum. integral =  299.987     +/-   2.68828             *
 *           max weight =  2.14252                               *
 *                                                               *
 ******************* chi**2/iteration =0.4563    *****************


 ************** Integration by Vegas (iteration   4) *************
 ********************    33614   calls   *************************
 *                                                               *
 *             integral =  299.432     +/-   3.08226             *
 *      accum. integral =  299.749     +/-   2.02803             *
 *           max weight =  2.14252                               *
 *                                                               *
 ******************* chi**2/iteration =0.3112    *****************


 ************** Integration by Vegas (iteration   5) *************
 ********************    33614   calls   *************************
 *                                                               *
 *             integral =  297.937     +/-   3.12827             *
 *      accum. integral =  299.220     +/-   1.70321             *
 *           max weight =  2.14252                               *
 *                                                               *
 ******************* chi**2/iteration =0.2928    *****************


 ************** Integration by Vegas (iteration   6) *************
 ********************    50421   calls   *************************
 *                                                               *
 *             integral =  291.894     +/-   5.62303             *
 *      accum. integral =  298.635     +/-   1.62640             *
 *           max weight =  2.14252                               *
 *                                                               *
 ******************* chi**2/iteration =0.5344    *****************


 ************** Integration by Vegas (iteration   7) *************
 ********************    65536   calls   *************************
 *                                                               *
 *             integral =  296.860     +/-   2.14473             *
 *      accum. integral =  297.992     +/-   1.29778             *
 *           max weight =  2.44970                               *
 *                                                               *
 ******************* chi**2/iteration =0.5182    *****************
 
 ***************************************
 mx
 ***************************************
 inside,under,over : 224238     0     0
 ***************************************
                                   ----+----i----+----i----+----i
     15.3000        11.5014       i                             *i
     41.9000       0.823767E-01   i*                             i
     68.5000       0.379812E-02   i*                             i
     95.1000      -0.272072E-03   i*                             i
     121.700      -0.713305E-03   i*                             i
     148.300      -0.694452E-03   i*                             i
     174.900      -0.209168E-02   i*                             i
     201.500      -0.111500E-01   i*                             i
     228.100      -0.215140E-02   i*                             i
     254.700      -0.607246E-02   i*                             i
     281.300      -0.348342E-02   i*                             i
     307.900      -0.556972E-02   i*                             i
     334.500      -0.173229E-01   i*                             i
     361.100      -0.530400E-02   i*                             i
     387.700      -0.640925E-02   i*                             i
     414.300      -0.113802E-01   i*                             i
     440.900      -0.780284E-02   i*                             i
     467.500      -0.246115E-01   i*                             i
     494.100      -0.795327E-02   i*                             i
     520.700      -0.825788E-02   i*                             i
     547.300      -0.740881E-02   i*                             i
     573.900      -0.383058E-01   i*                             i
     600.500      -0.164518E-01   i*                             i
     627.100      -0.901192E-02   i*                             i
     653.700      -0.371614E-01   i*                             i
     680.300      -0.382927E-01   i*                             i
     706.900      -0.131096E-01   i*                             i
     733.500      -0.171915E-01   i*                             i
     760.100      -0.504972E-01   i*                             i
     786.700      -0.175925E-01   i*                             i
                                   ----+----i----+----i----+----i
 
 Cross section =     297.9920     +/-    1.297780     pb
 
 time elapsed =    1.8977100000000000       s
